  glad.c
  imgui.cpp
  imgui_demo.cpp
  imgui_draw.cpp
  imgui_impl_glfw_gl3.cpp
  stb_image_compile.cpp
  PhysiceEngine.cpp
f:\大三\大三下\计算机图形学\大作业\github\meadow-maze\maze_v3\hw4\hw4\physicsengine\physiceengine.cpp(133): warning C4018: “<”: 有符号/无符号不匹配
f:\大三\大三下\计算机图形学\大作业\github\meadow-maze\maze_v3\hw4\hw4\physicsengine\physiceengine.cpp(162): warning C4018: “<”: 有符号/无符号不匹配
f:\大三\大三下\计算机图形学\大作业\github\meadow-maze\maze_v3\hw4\hw4\physicsengine\physiceengine.cpp(188): warning C4244: “=”: 从“double”转换到“int”，可能丢失数据
f:\大三\大三下\计算机图形学\大作业\github\meadow-maze\maze_v3\hw4\hw4\physicsengine\physiceengine.cpp(189): warning C4244: “=”: 从“double”转换到“int”，可能丢失数据
f:\大三\大三下\计算机图形学\大作业\github\meadow-maze\maze_v3\hw4\hw4\physicsengine\physiceengine.cpp(190): warning C4244: “=”: 从“double”转换到“int”，可能丢失数据
f:\大三\大三下\计算机图形学\大作业\github\meadow-maze\maze_v3\hw4\hw4\physicsengine\physiceengine.cpp(191): warning C4244: “=”: 从“double”转换到“int”，可能丢失数据
  Skybox.cpp
f:\大三\大三下\计算机图形学\大作业\github\meadow-maze\maze_v3\hw4\hw4\learnopengl\camera.h(79): warning C4244: “初始化”: 从“double”转换到“float”，可能丢失数据
f:\大三\大三下\计算机图形学\大作业\github\meadow-maze\maze_v3\hw4\hw4\learnopengl\shader.h(65): warning C4101: “infoLog”: 未引用的局部变量
f:\大三\大三下\计算机图形学\大作业\github\meadow-maze\maze_v3\hw4\hw4\learnopengl\shader.h(64): warning C4101: “success”: 未引用的局部变量
f:\大三\大三下\计算机图形学\大作业\github\meadow-maze\maze_v3\hw4\hw4\learnopengl\maze.h(178): warning C4305: “初始化”: 从“double”到“float”截断
f:\大三\大三下\计算机图形学\大作业\github\meadow-maze\maze_v3\hw4\hw4\learnopengl\maze.h(249): warning C4305: “初始化”: 从“double”到“float”截断
f:\大三\大三下\计算机图形学\大作业\github\meadow-maze\maze_v3\hw4\hw4\learnopengl\maze.h(349): warning C4244: “初始化”: 从“double”转换到“int”，可能丢失数据
f:\大三\大三下\计算机图形学\大作业\github\meadow-maze\maze_v3\hw4\hw4\learnopengl\maze.h(351): warning C4244: “=”: 从“double”转换到“int”，可能丢失数据
f:\大三\大三下\计算机图形学\大作业\github\meadow-maze\maze_v3\hw4\hw4\learnopengl\maze.h(431): warning C4244: “初始化”: 从“double”转换到“int”，可能丢失数据
f:\大三\大三下\计算机图形学\大作业\github\meadow-maze\maze_v3\hw4\hw4\skybox.cpp(34): warning C4244: “初始化”: 从“double”转换到“float”，可能丢失数据
f:\大三\大三下\计算机图形学\大作业\github\meadow-maze\maze_v3\hw4\hw4\skybox.cpp(35): warning C4244: “初始化”: 从“double”转换到“float”，可能丢失数据
f:\大三\大三下\计算机图形学\大作业\github\meadow-maze\maze_v3\hw4\hw4\skybox.cpp(299): warning C4305: “初始化”: 从“double”到“float”截断
f:\大三\大三下\计算机图形学\大作业\github\meadow-maze\maze_v3\hw4\hw4\skybox.cpp(313): warning C4244: “初始化”: 从“double”转换到“float”，可能丢失数据
f:\大三\大三下\计算机图形学\大作业\github\meadow-maze\maze_v3\hw4\hw4\skybox.cpp(490): warning C4244: “=”: 从“double”转换到“float”，可能丢失数据
f:\大三\大三下\计算机图形学\大作业\github\meadow-maze\maze_v3\hw4\hw4\skybox.cpp(491): warning C4244: “=”: 从“double”转换到“float”，可能丢失数据
f:\大三\大三下\计算机图形学\大作业\github\meadow-maze\maze_v3\hw4\hw4\skybox.cpp(495): warning C4244: “初始化”: 从“double”转换到“float”，可能丢失数据
f:\大三\大三下\计算机图形学\大作业\github\meadow-maze\maze_v3\hw4\hw4\skybox.cpp(496): warning C4244: “初始化”: 从“double”转换到“float”，可能丢失数据
f:\大三\大三下\计算机图形学\大作业\github\meadow-maze\maze_v3\hw4\hw4\skybox.cpp(498): warning C4244: “=”: 从“double”转换到“float”，可能丢失数据
f:\大三\大三下\计算机图形学\大作业\github\meadow-maze\maze_v3\hw4\hw4\skybox.cpp(499): warning C4244: “=”: 从“double”转换到“float”，可能丢失数据
f:\大三\大三下\计算机图形学\大作业\github\meadow-maze\maze_v3\hw4\hw4\skybox.cpp(518): warning C4244: “参数”: 从“double”转换到“float”，可能丢失数据
  正在生成代码...
glfw3.lib(context.obj) : warning LNK4099: 未找到 PDB“glfw.pdb”(使用“glfw3.lib(context.obj)”或在“F:\大三\大三下\计算机图形学\大作业\github\Meadow-maze\Maze_v3\HW4\Debug\glfw.pdb”中寻找)；正在链接对象，如同没有调试信息一样
glfw3.lib(init.obj) : warning LNK4099: 未找到 PDB“glfw.pdb”(使用“glfw3.lib(init.obj)”或在“F:\大三\大三下\计算机图形学\大作业\github\Meadow-maze\Maze_v3\HW4\Debug\glfw.pdb”中寻找)；正在链接对象，如同没有调试信息一样
glfw3.lib(input.obj) : warning LNK4099: 未找到 PDB“glfw.pdb”(使用“glfw3.lib(input.obj)”或在“F:\大三\大三下\计算机图形学\大作业\github\Meadow-maze\Maze_v3\HW4\Debug\glfw.pdb”中寻找)；正在链接对象，如同没有调试信息一样
glfw3.lib(monitor.obj) : warning LNK4099: 未找到 PDB“glfw.pdb”(使用“glfw3.lib(monitor.obj)”或在“F:\大三\大三下\计算机图形学\大作业\github\Meadow-maze\Maze_v3\HW4\Debug\glfw.pdb”中寻找)；正在链接对象，如同没有调试信息一样
glfw3.lib(vulkan.obj) : warning LNK4099: 未找到 PDB“glfw.pdb”(使用“glfw3.lib(vulkan.obj)”或在“F:\大三\大三下\计算机图形学\大作业\github\Meadow-maze\Maze_v3\HW4\Debug\glfw.pdb”中寻找)；正在链接对象，如同没有调试信息一样
glfw3.lib(window.obj) : warning LNK4099: 未找到 PDB“glfw.pdb”(使用“glfw3.lib(window.obj)”或在“F:\大三\大三下\计算机图形学\大作业\github\Meadow-maze\Maze_v3\HW4\Debug\glfw.pdb”中寻找)；正在链接对象，如同没有调试信息一样
glfw3.lib(win32_init.obj) : warning LNK4099: 未找到 PDB“glfw.pdb”(使用“glfw3.lib(win32_init.obj)”或在“F:\大三\大三下\计算机图形学\大作业\github\Meadow-maze\Maze_v3\HW4\Debug\glfw.pdb”中寻找)；正在链接对象，如同没有调试信息一样
glfw3.lib(win32_joystick.obj) : warning LNK4099: 未找到 PDB“glfw.pdb”(使用“glfw3.lib(win32_joystick.obj)”或在“F:\大三\大三下\计算机图形学\大作业\github\Meadow-maze\Maze_v3\HW4\Debug\glfw.pdb”中寻找)；正在链接对象，如同没有调试信息一样
glfw3.lib(win32_monitor.obj) : warning LNK4099: 未找到 PDB“glfw.pdb”(使用“glfw3.lib(win32_monitor.obj)”或在“F:\大三\大三下\计算机图形学\大作业\github\Meadow-maze\Maze_v3\HW4\Debug\glfw.pdb”中寻找)；正在链接对象，如同没有调试信息一样
glfw3.lib(win32_time.obj) : warning LNK4099: 未找到 PDB“glfw.pdb”(使用“glfw3.lib(win32_time.obj)”或在“F:\大三\大三下\计算机图形学\大作业\github\Meadow-maze\Maze_v3\HW4\Debug\glfw.pdb”中寻找)；正在链接对象，如同没有调试信息一样
glfw3.lib(win32_tls.obj) : warning LNK4099: 未找到 PDB“glfw.pdb”(使用“glfw3.lib(win32_tls.obj)”或在“F:\大三\大三下\计算机图形学\大作业\github\Meadow-maze\Maze_v3\HW4\Debug\glfw.pdb”中寻找)；正在链接对象，如同没有调试信息一样
glfw3.lib(win32_window.obj) : warning LNK4099: 未找到 PDB“glfw.pdb”(使用“glfw3.lib(win32_window.obj)”或在“F:\大三\大三下\计算机图形学\大作业\github\Meadow-maze\Maze_v3\HW4\Debug\glfw.pdb”中寻找)；正在链接对象，如同没有调试信息一样
glfw3.lib(wgl_context.obj) : warning LNK4099: 未找到 PDB“glfw.pdb”(使用“glfw3.lib(wgl_context.obj)”或在“F:\大三\大三下\计算机图形学\大作业\github\Meadow-maze\Maze_v3\HW4\Debug\glfw.pdb”中寻找)；正在链接对象，如同没有调试信息一样
glfw3.lib(egl_context.obj) : warning LNK4099: 未找到 PDB“glfw.pdb”(使用“glfw3.lib(egl_context.obj)”或在“F:\大三\大三下\计算机图形学\大作业\github\Meadow-maze\Maze_v3\HW4\Debug\glfw.pdb”中寻找)；正在链接对象，如同没有调试信息一样
  HW4.vcxproj -> F:\大三\大三下\计算机图形学\大作业\github\Meadow-maze\Maze_v3\HW4\Debug\HW4.exe
