  ForShader.cpp
  imgui.cpp
  imgui_demo.cpp
  imgui_draw.cpp
  imgui_impl_glfw_gl3.cpp
  InputHandler.cpp
f:\大三\大三下\计算机图形学\大作业\骨骼动画\src\骨骼动画\hw4\vector2d.h(18): warning C4244: “return”: 从“double”转换到“float”，可能丢失数据
f:\大三\大三下\计算机图形学\大作业\骨骼动画\src\骨骼动画\hw4\inputhandler.cpp(52): warning C4244: “参数”: 从“Sint32”转换到“float”，可能丢失数据
f:\大三\大三下\计算机图形学\大作业\骨骼动画\src\骨骼动画\hw4\inputhandler.cpp(53): warning C4244: “参数”: 从“Sint32”转换到“float”，可能丢失数据
  stb_image_compile.cpp
  main.cpp
c:\program files (x86)\windows kits\10\include\10.0.16299.0\ucrt\crtdbg.h(302): warning C4005: “_malloca”: 宏重定义
  c:\program files (x86)\windows kits\10\include\10.0.16299.0\ucrt\malloc.h(121): note: 参见“_malloca”的前一个定义
f:\大三\大三下\计算机图形学\大作业\骨骼动画\src\骨骼动画\hw4\learnopengl\camera.h(76): warning C4244: “初始化”: 从“double”转换到“float”，可能丢失数据
f:\大三\大三下\计算机图形学\大作业\骨骼动画\src\骨骼动画\hw4\learnopengl\shader.h(64): warning C4101: “infoLog”: 未引用的局部变量
f:\大三\大三下\计算机图形学\大作业\骨骼动画\src\骨骼动画\hw4\learnopengl\shader.h(63): warning C4101: “success”: 未引用的局部变量
f:\大三\大三下\计算机图形学\大作业\骨骼动画\src\骨骼动画\hw4\learnopengl\maze.h(179): warning C4305: “初始化”: 从“double”到“float”截断
f:\大三\大三下\计算机图形学\大作业\骨骼动画\src\骨骼动画\hw4\learnopengl\maze.h(251): warning C4305: “初始化”: 从“double”到“float”截断
f:\大三\大三下\计算机图形学\大作业\骨骼动画\src\骨骼动画\hw4\learnopengl\maze.h(351): warning C4244: “初始化”: 从“double”转换到“int”，可能丢失数据
f:\大三\大三下\计算机图形学\大作业\骨骼动画\src\骨骼动画\hw4\learnopengl\maze.h(353): warning C4244: “=”: 从“double”转换到“int”，可能丢失数据
f:\大三\大三下\计算机图形学\大作业\骨骼动画\src\骨骼动画\hw4\learnopengl\maze.h(433): warning C4244: “初始化”: 从“double”转换到“int”，可能丢失数据
  Mesh.cpp
f:\大三\大三下\计算机图形学\大作业\骨骼动画\src\骨骼动画\hw4\mesh.cpp(44): warning C4018: “<”: 有符号/无符号不匹配
f:\大三\大三下\计算机图形学\大作业\骨骼动画\src\骨骼动画\hw4\mesh.cpp(74): warning C4018: “<”: 有符号/无符号不匹配
  Model.cpp
f:\大三\大三下\计算机图形学\大作业\骨骼动画\src\骨骼动画\hw4\model.cpp : warning C4819: 该文件包含不能在当前代码页(936)中表示的字符。请将该文件保存为 Unicode 格式以防止数据丢失
f:\大三\大三下\计算机图形学\大作业\骨骼动画\src\骨骼动画\hw4\learnopengl\camera.h(76): warning C4244: “初始化”: 从“double”转换到“float”，可能丢失数据
f:\大三\大三下\计算机图形学\大作业\骨骼动画\src\骨骼动画\hw4\model.cpp(69): warning C4018: “<”: 有符号/无符号不匹配
f:\大三\大三下\计算机图形学\大作业\骨骼动画\src\骨骼动画\hw4\model.cpp(107): warning C4244: “=”: 从“double”转换到“float”，可能丢失数据
f:\大三\大三下\计算机图形学\大作业\骨骼动画\src\骨骼动画\hw4\model.cpp(228): warning C4018: “<”: 有符号/无符号不匹配
f:\大三\大三下\计算机图形学\大作业\骨骼动画\src\骨骼动画\hw4\model.cpp(240): warning C4018: “<”: 有符号/无符号不匹配
f:\大三\大三下\计算机图形学\大作业\骨骼动画\src\骨骼动画\hw4\model.cpp(500): warning C4244: “初始化”: 从“double”转换到“float”，可能丢失数据
  Triangle.cpp
f:\大三\大三下\计算机图形学\大作业\骨骼动画\src\骨骼动画\hw4\learnopengl\camera.h(76): warning C4244: “初始化”: 从“double”转换到“float”，可能丢失数据
f:\大三\大三下\计算机图形学\大作业\骨骼动画\src\骨骼动画\hw4\triangle.cpp(53): warning C4244: “初始化”: 从“double”转换到“GLfloat”，可能丢失数据
f:\大三\大三下\计算机图形学\大作业\骨骼动画\src\骨骼动画\hw4\triangle.cpp(84): warning C4305: “参数”: 从“double”到“GLfloat”截断
f:\大三\大三下\计算机图形学\大作业\骨骼动画\src\骨骼动画\hw4\triangle.cpp(85): warning C4305: “参数”: 从“double”到“GLfloat”截断
  正在生成代码...
  glad.c
glfw3.lib(context.obj) : warning LNK4099: 未找到 PDB“glfw.pdb”(使用“glfw3.lib(context.obj)”或在“F:\大三\大三下\计算机图形学\大作业\骨骼动画\src\骨骼动画\Debug\glfw.pdb”中寻找)；正在链接对象，如同没有调试信息一样
glfw3.lib(init.obj) : warning LNK4099: 未找到 PDB“glfw.pdb”(使用“glfw3.lib(init.obj)”或在“F:\大三\大三下\计算机图形学\大作业\骨骼动画\src\骨骼动画\Debug\glfw.pdb”中寻找)；正在链接对象，如同没有调试信息一样
glfw3.lib(input.obj) : warning LNK4099: 未找到 PDB“glfw.pdb”(使用“glfw3.lib(input.obj)”或在“F:\大三\大三下\计算机图形学\大作业\骨骼动画\src\骨骼动画\Debug\glfw.pdb”中寻找)；正在链接对象，如同没有调试信息一样
glfw3.lib(monitor.obj) : warning LNK4099: 未找到 PDB“glfw.pdb”(使用“glfw3.lib(monitor.obj)”或在“F:\大三\大三下\计算机图形学\大作业\骨骼动画\src\骨骼动画\Debug\glfw.pdb”中寻找)；正在链接对象，如同没有调试信息一样
glfw3.lib(vulkan.obj) : warning LNK4099: 未找到 PDB“glfw.pdb”(使用“glfw3.lib(vulkan.obj)”或在“F:\大三\大三下\计算机图形学\大作业\骨骼动画\src\骨骼动画\Debug\glfw.pdb”中寻找)；正在链接对象，如同没有调试信息一样
glfw3.lib(window.obj) : warning LNK4099: 未找到 PDB“glfw.pdb”(使用“glfw3.lib(window.obj)”或在“F:\大三\大三下\计算机图形学\大作业\骨骼动画\src\骨骼动画\Debug\glfw.pdb”中寻找)；正在链接对象，如同没有调试信息一样
glfw3.lib(win32_init.obj) : warning LNK4099: 未找到 PDB“glfw.pdb”(使用“glfw3.lib(win32_init.obj)”或在“F:\大三\大三下\计算机图形学\大作业\骨骼动画\src\骨骼动画\Debug\glfw.pdb”中寻找)；正在链接对象，如同没有调试信息一样
glfw3.lib(win32_joystick.obj) : warning LNK4099: 未找到 PDB“glfw.pdb”(使用“glfw3.lib(win32_joystick.obj)”或在“F:\大三\大三下\计算机图形学\大作业\骨骼动画\src\骨骼动画\Debug\glfw.pdb”中寻找)；正在链接对象，如同没有调试信息一样
glfw3.lib(win32_monitor.obj) : warning LNK4099: 未找到 PDB“glfw.pdb”(使用“glfw3.lib(win32_monitor.obj)”或在“F:\大三\大三下\计算机图形学\大作业\骨骼动画\src\骨骼动画\Debug\glfw.pdb”中寻找)；正在链接对象，如同没有调试信息一样
glfw3.lib(win32_time.obj) : warning LNK4099: 未找到 PDB“glfw.pdb”(使用“glfw3.lib(win32_time.obj)”或在“F:\大三\大三下\计算机图形学\大作业\骨骼动画\src\骨骼动画\Debug\glfw.pdb”中寻找)；正在链接对象，如同没有调试信息一样
glfw3.lib(win32_tls.obj) : warning LNK4099: 未找到 PDB“glfw.pdb”(使用“glfw3.lib(win32_tls.obj)”或在“F:\大三\大三下\计算机图形学\大作业\骨骼动画\src\骨骼动画\Debug\glfw.pdb”中寻找)；正在链接对象，如同没有调试信息一样
glfw3.lib(win32_window.obj) : warning LNK4099: 未找到 PDB“glfw.pdb”(使用“glfw3.lib(win32_window.obj)”或在“F:\大三\大三下\计算机图形学\大作业\骨骼动画\src\骨骼动画\Debug\glfw.pdb”中寻找)；正在链接对象，如同没有调试信息一样
glfw3.lib(wgl_context.obj) : warning LNK4099: 未找到 PDB“glfw.pdb”(使用“glfw3.lib(wgl_context.obj)”或在“F:\大三\大三下\计算机图形学\大作业\骨骼动画\src\骨骼动画\Debug\glfw.pdb”中寻找)；正在链接对象，如同没有调试信息一样
glfw3.lib(egl_context.obj) : warning LNK4099: 未找到 PDB“glfw.pdb”(使用“glfw3.lib(egl_context.obj)”或在“F:\大三\大三下\计算机图形学\大作业\骨骼动画\src\骨骼动画\Debug\glfw.pdb”中寻找)；正在链接对象，如同没有调试信息一样
  HW4.vcxproj -> F:\大三\大三下\计算机图形学\大作业\骨骼动画\src\骨骼动画\Debug\HW4.exe
