g:\大三下\计算机图形学\期末项目\finalpro_v0\hw4\hw4\debug\vc140.pdb
g:\大三下\计算机图形学\期末项目\finalpro_v0\hw4\hw4\debug\vc140.idb
g:\大三下\计算机图形学\期末项目\finalpro_v0\hw4\hw4\debug\glad.obj
g:\大三下\计算机图形学\期末项目\finalpro_v0\hw4\hw4\debug\imgui.obj
g:\大三下\计算机图形学\期末项目\finalpro_v0\hw4\hw4\debug\imgui_demo.obj
g:\大三下\计算机图形学\期末项目\finalpro_v0\hw4\hw4\debug\imgui_draw.obj
g:\大三下\计算机图形学\期末项目\finalpro_v0\hw4\hw4\debug\imgui_impl_glfw_gl3.obj
g:\大三下\计算机图形学\期末项目\finalpro_v0\hw4\hw4\debug\stb_image_compile.obj
g:\大三下\计算机图形学\期末项目\finalpro_v0\hw4\hw4\debug\test.obj
g:\大三下\计算机图形学\期末项目\finalpro_v0\hw4\debug\hw4.pdb
g:\大三下\计算机图形学\期末项目\finalpro_v0\hw4\hw4\debug\hw4.tlog\cl.command.1.tlog
g:\大三下\计算机图形学\期末项目\finalpro_v0\hw4\hw4\debug\hw4.tlog\cl.read.1.tlog
g:\大三下\计算机图形学\期末项目\finalpro_v0\hw4\hw4\debug\hw4.tlog\cl.write.1.tlog
g:\大三下\计算机图形学\期末项目\finalpro_v0\hw4\hw4\debug\hw4.tlog\link-cvtres.read.1.tlog
g:\大三下\计算机图形学\期末项目\finalpro_v0\hw4\hw4\debug\hw4.tlog\link-cvtres.write.1.tlog
g:\大三下\计算机图形学\期末项目\finalpro_v0\hw4\hw4\debug\hw4.tlog\link-rc.read.1.tlog
g:\大三下\计算机图形学\期末项目\finalpro_v0\hw4\hw4\debug\hw4.tlog\link-rc.write.1.tlog
g:\大三下\计算机图形学\期末项目\finalpro_v0\hw4\hw4\debug\hw4.tlog\link.command.1.tlog
g:\大三下\计算机图形学\期末项目\finalpro_v0\hw4\hw4\debug\hw4.tlog\link.read.1.tlog
g:\大三下\计算机图形学\期末项目\finalpro_v0\hw4\hw4\debug\hw4.tlog\link.write.1.tlog
