生成启动时间为 2018/6/27 2:29:37。
     1>项目“G:\大三下\计算机图形学\期末项目\waterPool\waterPool\waterPool.vcxproj”在节点 2 上(Build 个目标)。
     1>ClCompile:
         D:\VS2015\VC\bin\CL.exe /c /ZI /nologo /W3 /WX- /sdl /Od /Oy- /D _MBCS /Gm /EHsc /RTC1 /MDd /GS /fp:precise /Zc:wchar_t /Zc:forScope /Zc:inline /Fo"Debug\\" /Fd"Debug\vc140.pdb" /Gd /TP /analyze- /errorReport:prompt main.cpp
         main.cpp
     1>g:\大三下\计算机图形学\期末项目\waterpool\waterpool\learnopengl\camera.h : warning C4819: 该文件包含不能在当前代码页(936)中表示的字符。请将该文件保存为 Unicode 格式以防止数据丢失
     1>g:\大三下\计算机图形学\期末项目\waterpool\waterpool\learnopengl\camera.h(76): warning C4244: “初始化”: 从“double”转换到“float”，可能丢失数据
     1>g:\大三下\计算机图形学\期末项目\waterpool\waterpool\learnopengl\shader.h(64): warning C4101: “infoLog”: 未引用的局部变量
     1>g:\大三下\计算机图形学\期末项目\waterpool\waterpool\learnopengl\shader.h(63): warning C4101: “success”: 未引用的局部变量
     1>g:\大三下\计算机图形学\期末项目\waterpool\waterpool\main.cpp(261): warning C4244: “初始化”: 从“double”转换到“float”，可能丢失数据
     1>g:\大三下\计算机图形学\期末项目\waterpool\waterpool\main.cpp(510): warning C4244: “=”: 从“double”转换到“float”，可能丢失数据
     1>g:\大三下\计算机图形学\期末项目\waterpool\waterpool\main.cpp(511): warning C4244: “=”: 从“double”转换到“float”，可能丢失数据
     1>g:\大三下\计算机图形学\期末项目\waterpool\waterpool\main.cpp(515): warning C4244: “初始化”: 从“double”转换到“float”，可能丢失数据
     1>g:\大三下\计算机图形学\期末项目\waterpool\waterpool\main.cpp(516): warning C4244: “初始化”: 从“double”转换到“float”，可能丢失数据
     1>g:\大三下\计算机图形学\期末项目\waterpool\waterpool\main.cpp(518): warning C4244: “=”: 从“double”转换到“float”，可能丢失数据
     1>g:\大三下\计算机图形学\期末项目\waterpool\waterpool\main.cpp(519): warning C4244: “=”: 从“double”转换到“float”，可能丢失数据
     1>g:\大三下\计算机图形学\期末项目\waterpool\waterpool\main.cpp(527): warning C4244: “参数”: 从“double”转换到“float”，可能丢失数据
       Link:
         D:\VS2015\VC\bin\link.exe /ERRORREPORT:PROMPT /OUT:"G:\大三下\计算机图形学\期末项目\waterPool\Debug\waterPool.exe" /INCREMENTAL /NOLOGO glfw3.lib assimp.lib kernel32.lib user32.lib gdi32.lib winspool.lib comdlg32.lib advapi32.lib shell32.lib ole32.lib oleaut32.lib uuid.lib odbc32.lib odbccp32.lib /MANIFEST /MANIFESTUAC:"level='asInvoker' uiAccess='false'" /manifest:embed /Debug /PDB:"G:\大三下\计算机图形学\期末项目\waterPool\Debug\waterPool.pdb" /TLBID:1 /DYNAMICBASE /NXCOMPAT /IMPLIB:"G:\大三下\计算机图形学\期末项目\waterPool\Debug\waterPool.lib" /MACHINE:X86 Debug\glad.obj
         Debug\stb_image_compile.obj
         Debug\main.obj
         waterPool.vcxproj -> G:\大三下\计算机图形学\期末项目\waterPool\Debug\waterPool.exe
     1>已完成生成项目“G:\大三下\计算机图形学\期末项目\waterPool\waterPool\waterPool.vcxproj”(Build 个目标)的操作。

已成功生成。

已用时间 00:00:12.43
